=== Feasibility round ===
Mode: FULL | cores: 10 

-- F1a unit test: anchor recovery at alpha_beta = 0.05 --
   mean row TV = 0.1264 (gate <= 0.15) | perm-metric self-test = 1.73e-32 | true exclusivity = 1.000
   [0.5 s] PASSED

-- F3: k curves, oracle-start, E2 seeds, 100 sweeps --
   [41.7 s] 40/40 replicates OK

-- F1c: V1/V2/V3 vs oracle, E2 seeds --
   [64.8 s] 40/40 replicates OK
   F4 init variant: V4 (jk mse V2 0.03562 | V3 0.20445 | V4 0.02396)

-- F1d: alpha_beta boundary --
   [17.5 s] 40/40 replicates OK

-- F2: Block 1 grid, oracle-start + jackknife --
   [162.5 s] 200/200 replicates OK

-- F2: L-grid (E5 pairing, weak regime) --
   [11.3 s] 30/30 replicates OK

-- F4(ii): feasible chain (init V4) on the Block 1 grid --
   [98.7 s] 150/150 replicates OK

=== Feasibility runs complete ===
Build tables with: Rscript replication/feasibility/05_report.R
