== Part 1: oracle bias isolation ==
  done oracle L=1e+03 M=1000
  done oracle L=1e+03 M=2000
  done oracle L=1e+03 M=5000
  done oracle L=1e+04 M=1000
  done oracle L=1e+04 M=2000
  done oracle L=1e+04 M=5000
     L    M   tag bias_norm se_sd true_cov
  1000 1000    f1   0.01289 0.969    0.935
  1000 1000    f2   0.01605 0.960    0.927
  1000 1000    f3   0.01651 0.959    0.926
  1000 1000    f5   0.01690 0.957    0.926
  1000 1000   f10   0.01731 0.955    0.925
  1000 1000 joint   0.06608 0.946    0.762
  1000 2000    f1   0.01042 0.988    0.942
  1000 2000    f2   0.01362 0.983    0.931
  1000 2000    f3   0.01404 0.983    0.931
  1000 2000    f5   0.01438 0.984    0.931
  1000 2000   f10   0.01474 0.984    0.931
  1000 2000 joint   0.08745 0.964    0.526
  1000 5000    f1   0.01219 0.959    0.900
  1000 5000    f2   0.01597 0.970    0.875
  1000 5000    f3   0.01649 0.977    0.873
  1000 5000    f5   0.01692 0.984    0.864
  1000 5000   f10   0.01740 0.991    0.863
  1000 5000 joint   0.15282 0.898    0.236
 10000 1000    f1   0.00631 0.968    0.934
 10000 1000    f2   0.00631 0.965    0.934
 10000 1000    f3   0.00631 0.964    0.934
 10000 1000    f5   0.00631 0.964    0.934
 10000 1000   f10   0.00631 0.964    0.934
 10000 1000 joint   0.06082 0.858    0.709
 10000 2000    f1   0.00311 1.030    0.954
 10000 2000    f2   0.00338 1.031    0.951
 10000 2000    f3   0.00339 1.031    0.951
 10000 2000    f5   0.00340 1.030    0.950
 10000 2000   f10   0.00340 1.030    0.950
 10000 2000 joint   0.09250 0.889    0.457
 10000 5000    f1   0.00299 1.001    0.946
 10000 5000    f2   0.00349 1.003    0.946
 10000 5000    f3   0.00351 1.003    0.946
 10000 5000    f5   0.00352 1.003    0.946
 10000 5000   f10   0.00354 1.003    0.946
 10000 5000 joint   0.16187 0.821    0.188

== Part 2/3: feasible frozen@k*=1 + jackknife (N=200, L=1e4) ==
  done feasible M=1000
  done feasible M=2000
  done feasible M=5000
    M        SE bias_norm se_sd true_cov biasrem_cov
 1000     plain    0.2304 0.134    0.366       0.244
 1000 jackknife    0.1343 0.201    0.480       0.406
 2000     plain    0.0370 0.154    0.455       0.381
 2000 jackknife    0.0287 0.251    0.510       0.509
 5000     plain    0.0387 0.164    0.379       0.448
 5000 jackknife    0.0417 0.216    0.389       0.506

diag_bias DONE
