common.R loaded. ROOT = C:\Users\Utente\WORKSPACE\R\sgscatm
cairo PDF available: TRUE

====== BLOCK 1 : corrected inference (Part A) ======
lambda_A = 0.30 (retuned; see README/caption)

B0 (P x (K-1)), rho2 = 0.5 , sigma_eps = 0.7071 
        [,1]    [,2]    [,3]    [,4]
[1,] -0.2141 -0.5749  0.3469 -0.0576
[2,]  0.2640 -0.4068 -0.4805  0.1843
[3,] -0.5855  0.0432 -0.2376  0.3145
attr(,"rho2")
[1] 0.5
attr(,"sigma_eps")
[1] 0.7071068
attr(,"rowortho_err")
[1] 1.110223e-16
||B0 B0' - rho2 I_P||        = 1.110223e-16 
diag(Cov(z)) [true, analytic]= 0.9583 0.9978 0.9076 0.6362 
eig(Cov(z))                  = 1 1 1 0.5   (P<K-1 => one direction at 1-rho2; identity unattainable)

  M = 500  (50 reps)
    rep 10/50 done
    rep 20/50 done
    rep 30/50 done
    rep 40/50 done
    rep 50/50 done
    LOO jackknife cross-check on 5 rep(s)...
    median analytic/jackknife SE ratio = 2.047

  M = 1000  (50 reps)
    rep 10/50 done
    rep 20/50 done
    rep 30/50 done
    rep 40/50 done
    rep 50/50 done
    LOO jackknife cross-check on 5 rep(s)...
