Avvertimento: il pacchetto 'ggplot2' è stato creato con R versione 4.5.2
common.R loaded. ROOT = C:\Users\Utente\WORKSPACE\R\sgscatm
cairo PDF available: TRUE
eig(Cov(z)) = 1 0.7 0.5 0.35   (target 1.00,0.70,0.50,0.35)
Streaming pilot: M=2,000,000 in 20 chunks of 100,000 ...
  chunk 5/20  (0.9 min)
  chunk 10/20  (1.8 min)
  chunk 15/20  (2.8 min)
  chunk 20/20  (3.7 min)
Pilot accumulated: M_used = 2,000,000  (3.7 min)
lambda_A(pilot) = 528.1   (word signal ~ 0.000278)

--- per-lambda distances to the lambda_A plim ---
      lambda_label  lambda cov_block_eig word_eig    d_abs  d_entry
0                0    0.00      0.00e+00 0.000278 1.35e+00 3.37e-01
0.01A        0.01A    5.28      2.64e-06 0.000278 1.35e+00 3.37e-01
0.1A          0.1A   52.81      2.64e-05 0.000278 1.34e+00 3.36e-01
1                1    1.00      5.00e-07 0.000278 1.35e+00 3.37e-01
A                A  528.11      2.64e-04 0.000278 4.62e-15 1.16e-15
3A              3A 1584.33      7.92e-04 0.000278 1.08e+00 2.71e-01
10A            10A 5281.09      2.64e-03 0.000278 1.08e+00 2.71e-01
      d_entry_over_floor d_entry_over_SE4000
0               4.86e+00            5.47e+01
0.01A           4.86e+00            5.47e+01
0.1A            4.84e+00            5.45e+01
1               4.86e+00            5.47e+01
A               1.67e-14            1.87e-13
3A              3.91e+00            4.39e+01
10A             3.91e+00            4.40e+01

noise floor: floor_entry(1)=0.00571  floor_entry(A)=0.13303  mean=0.06937
null device 
          1 
Errore: 'else' inatteso in "           else"
Esecuzione interrotta
